<?xml version="1.0" encoding="UTF-8"?>
<!-- Generated by org.testng.reporters.JUnitReportReporter -->
<testsuite skipped="0" hostname="BFS-CA645327-N" name="com.au.byteUX.Test.Package.UX_BeekeeperRegressionTestCasesTestRail" tests="1" failures="0" timestamp="2020-11-25T19:12:31 AEDT" time="36.184" errors="0">
  <testcase name="NoticeOfSale" time="36.184" classname="com.au.byteUX.Test.Package.UX_BeekeeperRegressionTestCasesTestRail"/>
  <system-out/>
</testsuite> <!-- com.au.byteUX.Test.Package.UX_BeekeeperRegressionTestCasesTestRail -->
