<?xml version="1.0" encoding="UTF-8"?>
<!-- Generated by org.testng.reporters.JUnitReportReporter -->
<testsuite skipped="0" hostname="BFS-CA645327-N" name="com.au.byteUX.Test.Package.UX_MyAuthorisation_Smoke_Bee_Test" tests="1" failures="0" timestamp="2020-12-22T16:04:02 AEDT" time="86.332" errors="0">
  <testcase name="verifyMyAuthTabClick" time="86.332" classname="com.au.byteUX.Test.Package.UX_MyAuthorisation_Smoke_Bee_Test"/>
  <system-out/>
</testsuite> <!-- com.au.byteUX.Test.Package.UX_MyAuthorisation_Smoke_Bee_Test -->
