<?xml version="1.0" encoding="UTF-8"?>
<!-- Generated by org.testng.reporters.JUnitReportReporter -->
<testsuite hostname="SVBYTETEST03" failures="0" tests="1" name="com.au.byteUX.Test.Package.UX_MyAuthorisation_Smoke_Bee_Test" time="105.828" errors="0" timestamp="2020-12-14T11:42:05 AEDT" skipped="0">
  <testcase classname="com.au.byteUX.Test.Package.UX_MyAuthorisation_Smoke_Bee_Test" name="verifyMyAuthTabClick" time="105.828"/>
  <system-out/>
</testsuite> <!-- com.au.byteUX.Test.Package.UX_MyAuthorisation_Smoke_Bee_Test -->
