<?xml version="1.0" encoding="UTF-8"?>
<!-- Generated by org.testng.reporters.JUnitReportReporter -->
<testsuite hostname="BFS-CA645954-N" failures="0" tests="1" name="com.au.byteUX.Test.Package.UX_MyAuthorisation_Smoke_Bee_Test" time="76.250" errors="0" timestamp="2020-12-15T10:11:46 AEDT" skipped="0">
  <testcase classname="com.au.byteUX.Test.Package.UX_MyAuthorisation_Smoke_Bee_Test" name="verifyMyAuthTabClick" time="76.250"/>
  <system-out/>
</testsuite> <!-- com.au.byteUX.Test.Package.UX_MyAuthorisation_Smoke_Bee_Test -->
